<?xml version="1.0" encoding="UTF-8"?>
<testsuite name="org.myBlog.springbootdeveloper.controller.controller.TokenApiControllerTest" tests="1" skipped="0" failures="0" errors="0" timestamp="2024-02-20T07:21:19" hostname="DESKTOP-4NPTAGI" time="0.104">
  <properties/>
  <testcase name="createNewAccessToken: 새로운 액세스 토큰을 발급한다." classname="org.myBlog.springbootdeveloper.controller.controller.TokenApiControllerTest" time="0.104"/>
  <system-out><![CDATA[2024-02-20T16:21:19.888+09:00  INFO 3132 --- [    Test worker] t.c.s.AnnotationConfigContextLoaderUtils : Could not detect default configuration classes for test class [org.myBlog.springbootdeveloper.controller.controller.TokenApiControllerTest]: TokenApiControllerTest does not declare any static, non-private, non-final, nested classes annotated with @Configuration.
2024-02-20T16:21:19.898+09:00  INFO 3132 --- [    Test worker] .b.t.c.SpringBootTestContextBootstrapper : Found @SpringBootConfiguration org.myBlog.springbootdeveloper.SpringBootDeveloperApplication for test class org.myBlog.springbootdeveloper.controller.controller.TokenApiControllerTest
2024-02-20T16:21:19.922+09:00  INFO 3132 --- [    Test worker] o.s.b.t.m.w.SpringBootMockServletContext : Initializing Spring TestDispatcherServlet ''
2024-02-20T16:21:19.923+09:00  INFO 3132 --- [    Test worker] o.s.t.web.servlet.TestDispatcherServlet  : Initializing Servlet ''
2024-02-20T16:21:19.924+09:00  INFO 3132 --- [    Test worker] o.s.t.web.servlet.TestDispatcherServlet  : Completed initialization in 1 ms
Hibernate: 
    select
        u1_0.id,
        u1_0.email,
        u1_0.nickname,
        u1_0.password 
    from
        users u1_0
Hibernate: 
    delete 
    from
        users 
    where
        id=?
Hibernate: 
    insert 
    into
        users
        (id, email, nickname, password) 
    values
        (default, ?, ?, ?)
Hibernate: 
    insert 
    into
        refresh_token
        (id, refresh_token, user_id) 
    values
        (default, ?, ?)
Hibernate: 
    select
        r1_0.id,
        r1_0.refresh_token,
        r1_0.user_id 
    from
        refresh_token r1_0 
    where
        r1_0.refresh_token=?
Hibernate: 
    select
        u1_0.id,
        u1_0.email,
        u1_0.nickname,
        u1_0.password 
    from
        users u1_0 
    where
        u1_0.id=?
]]></system-out>
  <system-err><![CDATA[]]></system-err>
</testsuite>
