<?xml version="1.0" encoding="UTF-8"?>
<testsuite name="org.myBlog.springbootdeveloper.controller.config.jwt.TokenProviderTest" tests="5" skipped="0" failures="0" errors="0" timestamp="2024-02-06T04:07:15" hostname="DESKTOP-4NPTAGI" time="0.47">
  <properties/>
  <testcase name="validToken():유효한 토큰인 때엔 유효성 검증에 성공한다." classname="org.myBlog.springbootdeveloper.controller.config.jwt.TokenProviderTest" time="0.349"/>
  <testcase name="validToken():만료된 토큰인 때에 유효성 검증에 실패한다." classname="org.myBlog.springbootdeveloper.controller.config.jwt.TokenProviderTest" time="0.007"/>
  <testcase name="getAuthentication():토큰 기반으로 인증 정보를 가져올 수 있다." classname="org.myBlog.springbootdeveloper.controller.config.jwt.TokenProviderTest" time="0.013"/>
  <testcase name="getUserId():토큰 기반으로 유저 ID를 가져올 수 있다." classname="org.myBlog.springbootdeveloper.controller.config.jwt.TokenProviderTest" time="0.008"/>
  <testcase name="generateToken(): 유저 정보와 만료 기간을 전달해 토큰을 만들 수 있다." classname="org.myBlog.springbootdeveloper.controller.config.jwt.TokenProviderTest" time="0.088"/>
  <system-out><![CDATA[13:07:10.549 [Test worker] DEBUG org.springframework.boot.test.context.SpringBootTestContextBootstrapper - Neither @ContextConfiguration nor @ContextHierarchy found for test class [TokenProviderTest]: using SpringBootContextLoader
13:07:10.554 [Test worker] DEBUG org.springframework.test.context.support.AbstractContextLoader - Could not detect default resource locations for test class [org.myBlog.springbootdeveloper.controller.config.jwt.TokenProviderTest]: no resource found for suffixes {-context.xml, Context.groovy}.
13:07:10.555 [Test worker] INFO org.springframework.test.context.support.AnnotationConfigContextLoaderUtils - Could not detect default configuration classes for test class [org.myBlog.springbootdeveloper.controller.config.jwt.TokenProviderTest]: TokenProviderTest does not declare any static, non-private, non-final, nested classes annotated with @Configuration.
13:07:10.588 [Test worker] DEBUG org.springframework.boot.test.context.SpringBootTestContextBootstrapper - Using ContextCustomizers for test class [TokenProviderTest]: [DisableObservabilityContextCustomizer, PropertyMappingContextCustomizer, Customizer, ExcludeFilterContextCustomizer, DuplicateJsonObjectContextCustomizer, MockitoContextCustomizer, TestRestTemplateContextCustomizer]
13:07:10.695 [Test worker] DEBUG org.springframework.context.annotation.ClassPathScanningCandidateComponentProvider - Identified candidate component class: file [C:\springStudy\myBlog\build\classes\java\main\org\myBlog\springbootdeveloper\SpringBootDeveloperApplication.class]
13:07:10.696 [Test worker] INFO org.springframework.boot.test.context.SpringBootTestContextBootstrapper - Found @SpringBootConfiguration org.myBlog.springbootdeveloper.SpringBootDeveloperApplication for test class org.myBlog.springbootdeveloper.controller.config.jwt.TokenProviderTest
13:07:10.828 [Test worker] DEBUG org.springframework.boot.test.context.SpringBootTestContextBootstrapper - Using TestExecutionListeners for test class [TokenProviderTest]: [ServletTestExecutionListener, DirtiesContextBeforeModesTestExecutionListener, ApplicationEventsTestExecutionListener, MockitoTestExecutionListener, DependencyInjectionTestExecutionListener, DirtiesContextTestExecutionListener, TransactionalTestExecutionListener, SqlScriptsTestExecutionListener, WithSecurityContextTestExecutionListener, EventPublishingTestExecutionListener, ReactorContextTestExecutionListener, RestDocsTestExecutionListener, MockRestServiceServerResetTestExecutionListener, MockMvcPrintOnlyOnFailureTestExecutionListener, WebDriverTestExecutionListener, MockWebServiceServerTestExecutionListener, ResetMocksTestExecutionListener]
13:07:10.830 [Test worker] DEBUG org.springframework.test.context.support.AbstractDirtiesContextTestExecutionListener - Before test class: class [TokenProviderTest], class annotated with @DirtiesContext [false] with mode [null]

  .   ____          _            __ _ _
 /\\ / ___'_ __ _ _(_)_ __  __ _ \ \ \ \
( ( )\___ | '_ | '_| | '_ \/ _` | \ \ \ \
 \\/  ___)| |_)| | | | | || (_| |  ) ) ) )
  '  |____| .__|_| |_|_| |_\__, | / / / /
 =========|_|==============|___/=/_/_/_/
 :: Spring Boot ::                (v3.0.2)

2024-02-06T13:07:11.192+09:00  INFO 24444 --- [    Test worker] o.m.s.c.config.jwt.TokenProviderTest     : Starting TokenProviderTest using Java 17.0.9 with PID 24444 (started by 전선미 in C:\springStudy\myBlog)
2024-02-06T13:07:11.193+09:00  INFO 24444 --- [    Test worker] o.m.s.c.config.jwt.TokenProviderTest     : No active profile set, falling back to 1 default profile: "default"
2024-02-06T13:07:12.028+09:00  INFO 24444 --- [    Test worker] .s.d.r.c.RepositoryConfigurationDelegate : Bootstrapping Spring Data JPA repositories in DEFAULT mode.
2024-02-06T13:07:12.105+09:00  INFO 24444 --- [    Test worker] .s.d.r.c.RepositoryConfigurationDelegate : Finished Spring Data repository scanning in 65 ms. Found 3 JPA repository interfaces.
2024-02-06T13:07:12.635+09:00  INFO 24444 --- [    Test worker] com.zaxxer.hikari.HikariDataSource       : HikariPool-1 - Starting...
2024-02-06T13:07:12.876+09:00  INFO 24444 --- [    Test worker] com.zaxxer.hikari.pool.HikariPool        : HikariPool-1 - Added connection conn0: url=jdbc:h2:mem:8d4168cd-44f2-4bb3-8f84-cee3cf7461f9 user=SA
2024-02-06T13:07:12.878+09:00  INFO 24444 --- [    Test worker] com.zaxxer.hikari.HikariDataSource       : HikariPool-1 - Start completed.
2024-02-06T13:07:12.930+09:00  INFO 24444 --- [    Test worker] o.hibernate.jpa.internal.util.LogHelper  : HHH000204: Processing PersistenceUnitInfo [name: default]
2024-02-06T13:07:13.019+09:00  INFO 24444 --- [    Test worker] org.hibernate.Version                    : HHH000412: Hibernate ORM core version 6.1.6.Final
2024-02-06T13:07:13.248+09:00  WARN 24444 --- [    Test worker] org.hibernate.orm.deprecation            : HHH90000021: Encountered deprecated setting [javax.persistence.sharedCache.mode], use [jakarta.persistence.sharedCache.mode] instead
2024-02-06T13:07:13.449+09:00  INFO 24444 --- [    Test worker] SQL dialect                              : HHH000400: Using dialect: org.hibernate.dialect.H2Dialect
Hibernate: 
    
    drop table if exists article cascade 
Hibernate: 
    
    drop table if exists refresh_token cascade 
Hibernate: 
    
    drop table if exists users cascade 
Hibernate: 
    
    create table article (
       id bigint generated by default as identity,
        author varchar(255) not null,
        content varchar(255) not null,
        created_at timestamp(6),
        title varchar(255) not null,
        updated_at timestamp(6),
        primary key (id)
    )
Hibernate: 
    
    create table refresh_token (
       id bigint generated by default as identity,
        refresh_token varchar(255) not null,
        user_id bigint not null,
        primary key (id)
    )
Hibernate: 
    
    create table users (
       id bigint generated by default as identity,
        email varchar(255) not null,
        nickname varchar(255),
        password varchar(255),
        primary key (id)
    )
Hibernate: 
    
    alter table if exists refresh_token 
       add constraint UK_f95ixxe7pa48ryn1awmh2evt7 unique (user_id)
Hibernate: 
    
    alter table if exists users 
       add constraint UK_6dotkott2kjsp8vw4d0m25fb7 unique (email)
Hibernate: 
    
    alter table if exists users 
       add constraint UK_2ty1xmrrgtn89xt7kyxx6ta7h unique (nickname)
2024-02-06T13:07:14.260+09:00  INFO 24444 --- [    Test worker] o.h.e.t.j.p.i.JtaPlatformInitiator       : HHH000490: Using JtaPlatform implementation: [org.hibernate.engine.transaction.jta.platform.internal.NoJtaPlatform]
2024-02-06T13:07:14.273+09:00  INFO 24444 --- [    Test worker] j.LocalContainerEntityManagerFactoryBean : Initialized JPA EntityManagerFactory for persistence unit 'default'
2024-02-06T13:07:14.743+09:00  WARN 24444 --- [    Test worker] JpaBaseConfiguration$JpaWebConfiguration : spring.jpa.open-in-view is enabled by default. Therefore, database queries may be performed during view rendering. Explicitly configure spring.jpa.open-in-view to disable this warning
2024-02-06T13:07:15.203+09:00  INFO 24444 --- [    Test worker] o.s.s.web.DefaultSecurityFilterChain     : Will secure any request with [org.springframework.security.web.session.DisableEncodeUrlFilter@17f7a1af, org.springframework.security.web.context.request.async.WebAsyncManagerIntegrationFilter@d62feaf, org.springframework.security.web.context.SecurityContextHolderFilter@434a72f2, org.springframework.security.web.header.HeaderWriterFilter@44181746, org.springframework.security.web.authentication.logout.LogoutFilter@4f1aa2bc, org.springframework.security.oauth2.client.web.OAuth2AuthorizationRequestRedirectFilter@795e8ef5, org.springframework.security.oauth2.client.web.OAuth2LoginAuthenticationFilter@13976c57, org.myBlog.springbootdeveloper.config.TokenAuthenticationFilter@4daead88, org.springframework.security.web.savedrequest.RequestCacheAwareFilter@2d093067, org.springframework.security.web.servletapi.SecurityContextHolderAwareRequestFilter@6c056020, org.springframework.security.web.authentication.AnonymousAuthenticationFilter@3093161a, org.springframework.security.web.session.SessionManagementFilter@33a58fcb, org.springframework.security.web.access.ExceptionTranslationFilter@f73a7cf, org.springframework.security.web.access.intercept.FilterSecurityInterceptor@5aec151b]
2024-02-06T13:07:15.513+09:00  INFO 24444 --- [    Test worker] o.s.b.a.h2.H2ConsoleAutoConfiguration    : H2 console available at '/h2-console'. Database available at 'jdbc:h2:mem:8d4168cd-44f2-4bb3-8f84-cee3cf7461f9'
2024-02-06T13:07:15.552+09:00  WARN 24444 --- [    Test worker] o.s.s.c.a.web.builders.WebSecurity       : You are asking Spring Security to ignore org.springframework.boot.autoconfigure.security.servlet.PathRequest$H2ConsoleRequestMatcher@1ae2028d. This is not recommended -- please use permitAll via HttpSecurity#authorizeHttpRequests instead.
2024-02-06T13:07:15.553+09:00  INFO 24444 --- [    Test worker] o.s.s.web.DefaultSecurityFilterChain     : Will not secure org.springframework.boot.autoconfigure.security.servlet.PathRequest$H2ConsoleRequestMatcher@1ae2028d
2024-02-06T13:07:15.553+09:00  WARN 24444 --- [    Test worker] o.s.s.c.a.web.builders.WebSecurity       : You are asking Spring Security to ignore Mvc [pattern='/img/**']. This is not recommended -- please use permitAll via HttpSecurity#authorizeHttpRequests instead.
2024-02-06T13:07:15.553+09:00  INFO 24444 --- [    Test worker] o.s.s.web.DefaultSecurityFilterChain     : Will not secure Mvc [pattern='/img/**']
2024-02-06T13:07:15.553+09:00  WARN 24444 --- [    Test worker] o.s.s.c.a.web.builders.WebSecurity       : You are asking Spring Security to ignore Mvc [pattern='/css/**']. This is not recommended -- please use permitAll via HttpSecurity#authorizeHttpRequests instead.
2024-02-06T13:07:15.554+09:00  INFO 24444 --- [    Test worker] o.s.s.web.DefaultSecurityFilterChain     : Will not secure Mvc [pattern='/css/**']
2024-02-06T13:07:15.554+09:00  WARN 24444 --- [    Test worker] o.s.s.c.a.web.builders.WebSecurity       : You are asking Spring Security to ignore Mvc [pattern='/js/**']. This is not recommended -- please use permitAll via HttpSecurity#authorizeHttpRequests instead.
2024-02-06T13:07:15.554+09:00  INFO 24444 --- [    Test worker] o.s.s.web.DefaultSecurityFilterChain     : Will not secure Mvc [pattern='/js/**']
2024-02-06T13:07:15.607+09:00  INFO 24444 --- [    Test worker] o.m.s.c.config.jwt.TokenProviderTest     : Started TokenProviderTest in 4.713 seconds (process running for 6.157)
Hibernate: 
    insert 
    into
        users
        (id, email, nickname, password) 
    values
        (default, ?, ?, ?)
]]></system-out>
  <system-err><![CDATA[]]></system-err>
</testsuite>
